<?xml version="1.0" encoding="UTF-8"?><testsuite failures="2" name="cucumber.runtime.formatter.JUnitFormatter" skipped="0" tests="2" time="34.395029">
<testcase classname="Admin LTE login feature" name="Validate login with valid Username and Valid Password" time="22.525681">
<failure message="java.lang.NoClassDefFoundError: com/sun/jna/platform/win32/Kernel32&#13;&#10;&#9;at java.lang.ClassLoader.defineClass1(Native Method)&#13;&#10;&#9;at java.lang.ClassLoader.defineClass(Unknown Source)&#13;&#10;&#9;at java.security.SecureClassLoader.defineClass(Unknown Source)&#13;&#10;&#9;at java.net.URLClassLoader.defineClass(Unknown Source)&#13;&#10;&#9;at java.net.URLClassLoader.access$100(Unknown Source)&#13;&#10;&#9;at java.net.URLClassLoader$1.run(Unknown Source)&#13;&#10;&#9;at java.net.URLClassLoader$1.run(Unknown Source)&#13;&#10;&#9;at java.security.AccessController.doPrivileged(Native Method)&#13;&#10;&#9;at java.net.URLClassLoader.findClass(Unknown Source)&#13;&#10;&#9;at java.lang.ClassLoader.loadClass(Unknown Source)&#13;&#10;&#9;at sun.misc.Launcher$AppClassLoader.loadClass(Unknown Source)&#13;&#10;&#9;at java.lang.ClassLoader.loadClass(Unknown Source)&#13;&#10;&#9;at org.openqa.selenium.os.ProcessUtils.getProcessId(ProcessUtils.java:184)&#13;&#10;&#9;at org.openqa.selenium.os.ProcessUtils.killWinProcess(ProcessUtils.java:128)&#13;&#10;&#9;at org.openqa.selenium.os.ProcessUtils.killProcess(ProcessUtils.java:81)&#13;&#10;&#9;at org.openqa.selenium.os.UnixProcess$SeleniumWatchDog.destroyHarder(UnixProcess.java:265)&#13;&#10;&#9;at org.openqa.selenium.os.UnixProcess$SeleniumWatchDog.access$200(UnixProcess.java:219)&#13;&#10;&#9;at org.openqa.selenium.os.UnixProcess.destroy(UnixProcess.java:127)&#13;&#10;&#9;at org.openqa.selenium.os.CommandLine.destroy(CommandLine.java:153)&#13;&#10;&#9;at org.openqa.selenium.remote.service.DriverService.stop(DriverService.java:220)&#13;&#10;&#9;at org.openqa.selenium.remote.service.DriverCommandExecutor.execute(DriverCommandExecutor.java:94)&#13;&#10;&#9;at org.openqa.selenium.remote.RemoteWebDriver.execute(RemoteWebDriver.java:646)&#13;&#10;&#9;at org.openqa.selenium.remote.RemoteWebDriver.execute(RemoteWebDriver.java:703)&#13;&#10;&#9;at org.openqa.selenium.remote.RemoteWebDriver.quit(RemoteWebDriver.java:542)&#13;&#10;&#9;at StepsDefinition.LoginSteps.close_the_browser(LoginSteps.java:67)&#13;&#10;&#9;at ✽.Then Close the browser(login.feature:13)&#13;&#10;Caused by: java.lang.ClassNotFoundException: com.sun.jna.platform.win32.Kernel32&#13;&#10;&#9;at java.net.URLClassLoader.findClass(Unknown Source)&#13;&#10;&#9;at java.lang.ClassLoader.loadClass(Unknown Source)&#13;&#10;&#9;at sun.misc.Launcher$AppClassLoader.loadClass(Unknown Source)&#13;&#10;&#9;at java.lang.ClassLoader.loadClass(Unknown Source)&#13;&#10;&#9;at java.lang.ClassLoader.defineClass1(Native Method)&#13;&#10;&#9;at java.lang.ClassLoader.defineClass(Unknown Source)&#13;&#10;&#9;at java.security.SecureClassLoader.defineClass(Unknown Source)&#13;&#10;&#9;at java.net.URLClassLoader.defineClass(Unknown Source)&#13;&#10;&#9;at java.net.URLClassLoader.access$100(Unknown Source)&#13;&#10;&#9;at java.net.URLClassLoader$1.run(Unknown Source)&#13;&#10;&#9;at java.net.URLClassLoader$1.run(Unknown Source)&#13;&#10;&#9;at java.security.AccessController.doPrivileged(Native Method)&#13;&#10;&#9;at java.net.URLClassLoader.findClass(Unknown Source)&#13;&#10;&#9;at java.lang.ClassLoader.loadClass(Unknown Source)&#13;&#10;&#9;at sun.misc.Launcher$AppClassLoader.loadClass(Unknown Source)&#13;&#10;&#9;at java.lang.ClassLoader.loadClass(Unknown Source)&#13;&#10;&#9;at org.openqa.selenium.os.ProcessUtils.getProcessId(ProcessUtils.java:184)&#13;&#10;&#9;at org.openqa.selenium.os.ProcessUtils.killWinProcess(ProcessUtils.java:128)&#13;&#10;&#9;at org.openqa.selenium.os.ProcessUtils.killProcess(ProcessUtils.java:81)&#13;&#10;&#9;at org.openqa.selenium.os.UnixProcess$SeleniumWatchDog.destroyHarder(UnixProcess.java:265)&#13;&#10;&#9;at org.openqa.selenium.os.UnixProcess$SeleniumWatchDog.access$200(UnixProcess.java:219)&#13;&#10;&#9;at org.openqa.selenium.os.UnixProcess.destroy(UnixProcess.java:127)&#13;&#10;&#9;at org.openqa.selenium.os.CommandLine.destroy(CommandLine.java:153)&#13;&#10;&#9;at org.openqa.selenium.remote.service.DriverService.stop(DriverService.java:220)&#13;&#10;&#9;at org.openqa.selenium.remote.service.DriverCommandExecutor.execute(DriverCommandExecutor.java:94)&#13;&#10;&#9;at org.openqa.selenium.remote.RemoteWebDriver.execute(RemoteWebDriver.java:646)&#13;&#10;&#9;at org.openqa.selenium.remote.RemoteWebDriver.execute(RemoteWebDriver.java:703)&#13;&#10;&#9;at org.openqa.selenium.remote.RemoteWebDriver.quit(RemoteWebDriver.java:542)&#13;&#10;&#9;at StepsDefinition.LoginSteps.close_the_browser(LoginSteps.java:67)&#13;&#10;&#9;at sun.reflect.NativeMethodAccessorImpl.invoke0(Native Method)&#13;&#10;&#9;at sun.reflect.NativeMethodAccessorImpl.invoke(Unknown Source)&#13;&#10;&#9;at sun.reflect.DelegatingMethodAccessorImpl.invoke(Unknown Source)&#13;&#10;&#9;at java.lang.reflect.Method.invoke(Unknown Source)&#13;&#10;&#9;at cucumber.runtime.Utils$1.call(Utils.java:34)&#13;&#10;&#9;at cucumber.runtime.Timeout.timeout(Timeout.java:13)&#13;&#10;&#9;at cucumber.runtime.Utils.invoke(Utils.java:30)&#13;&#10;&#9;at cucumber.runtime.java.JavaStepDefinition.execute(JavaStepDefinition.java:35)&#13;&#10;&#9;at cucumber.runtime.StepDefinitionMatch.runStep(StepDefinitionMatch.java:37)&#13;&#10;&#9;at cucumber.runtime.Runtime.runStep(Runtime.java:298)&#13;&#10;&#9;at cucumber.runtime.model.StepContainer.runStep(StepContainer.java:44)&#13;&#10;&#9;at cucumber.runtime.model.StepContainer.runSteps(StepContainer.java:39)&#13;&#10;&#9;at cucumber.runtime.model.CucumberScenario.run(CucumberScenario.java:48)&#13;&#10;&#9;at cucumber.runtime.junit.ExecutionUnitRunner.run(ExecutionUnitRunner.java:91)&#13;&#10;&#9;at cucumber.runtime.junit.FeatureRunner.runChild(FeatureRunner.java:63)&#13;&#10;&#9;at cucumber.runtime.junit.FeatureRunner.runChild(FeatureRunner.java:18)&#13;&#10;&#9;at org.junit.runners.ParentRunner$3.run(ParentRunner.java:238)&#13;&#10;&#9;at org.junit.runners.ParentRunner$1.schedule(ParentRunner.java:63)&#13;&#10;&#9;at org.junit.runners.ParentRunner.runChildren(ParentRunner.java:236)&#13;&#10;&#9;at org.junit.runners.ParentRunner.access$000(ParentRunner.java:53)&#13;&#10;&#9;at org.junit.runners.ParentRunner$2.evaluate(ParentRunner.java:229)&#13;&#10;&#9;at org.junit.runners.ParentRunner.run(ParentRunner.java:309)&#13;&#10;&#9;at cucumber.runtime.junit.FeatureRunner.run(FeatureRunner.java:70)&#13;&#10;&#9;at cucumber.api.junit.Cucumber.runChild(Cucumber.java:89)&#13;&#10;&#9;at cucumber.api.junit.Cucumber.runChild(Cucumber.java:40)&#13;&#10;&#9;at org.junit.runners.ParentRunner$3.run(ParentRunner.java:238)&#13;&#10;&#9;at org.junit.runners.ParentRunner$1.schedule(ParentRunner.java:63)&#13;&#10;&#9;at org.junit.runners.ParentRunner.runChildren(ParentRunner.java:236)&#13;&#10;&#9;at org.junit.runners.ParentRunner.access$000(ParentRunner.java:53)&#13;&#10;&#9;at org.junit.runners.ParentRunner$2.evaluate(ParentRunner.java:229)&#13;&#10;&#9;at org.junit.runners.ParentRunner.run(ParentRunner.java:309)&#13;&#10;&#9;at cucumber.api.junit.Cucumber.run(Cucumber.java:94)&#13;&#10;&#9;at org.eclipse.jdt.internal.junit4.runner.JUnit4TestReference.run(JUnit4TestReference.java:86)&#13;&#10;&#9;at org.eclipse.jdt.internal.junit.runner.TestExecution.run(TestExecution.java:38)&#13;&#10;&#9;at org.eclipse.jdt.internal.junit.runner.RemoteTestRunner.runTests(RemoteTestRunner.java:459)&#13;&#10;&#9;at org.eclipse.jdt.internal.junit.runner.RemoteTestRunner.runTests(RemoteTestRunner.java:678)&#13;&#10;&#9;at org.eclipse.jdt.internal.junit.runner.RemoteTestRunner.run(RemoteTestRunner.java:382)&#13;&#10;&#9;at org.eclipse.jdt.internal.junit.runner.RemoteTestRunner.main(RemoteTestRunner.java:192)&#13;&#10;"><![CDATA[Given User aready on login page.............................................passed
When Title of login page is AdminLTE 2 | Log in.............................passed
Then User enter username and password.......................................passed
And User clicks on login button.............................................passed
And User is on Dashboard page...............................................passed
Then Close the browser......................................................failed

StackTrace:
java.lang.NoClassDefFoundError: com/sun/jna/platform/win32/Kernel32
	at java.lang.ClassLoader.defineClass1(Native Method)
	at java.lang.ClassLoader.defineClass(Unknown Source)
	at java.security.SecureClassLoader.defineClass(Unknown Source)
	at java.net.URLClassLoader.defineClass(Unknown Source)
	at java.net.URLClassLoader.access$100(Unknown Source)
	at java.net.URLClassLoader$1.run(Unknown Source)
	at java.net.URLClassLoader$1.run(Unknown Source)
	at java.security.AccessController.doPrivileged(Native Method)
	at java.net.URLClassLoader.findClass(Unknown Source)
	at java.lang.ClassLoader.loadClass(Unknown Source)
	at sun.misc.Launcher$AppClassLoader.loadClass(Unknown Source)
	at java.lang.ClassLoader.loadClass(Unknown Source)
	at org.openqa.selenium.os.ProcessUtils.getProcessId(ProcessUtils.java:184)
	at org.openqa.selenium.os.ProcessUtils.killWinProcess(ProcessUtils.java:128)
	at org.openqa.selenium.os.ProcessUtils.killProcess(ProcessUtils.java:81)
	at org.openqa.selenium.os.UnixProcess$SeleniumWatchDog.destroyHarder(UnixProcess.java:265)
	at org.openqa.selenium.os.UnixProcess$SeleniumWatchDog.access$200(UnixProcess.java:219)
	at org.openqa.selenium.os.UnixProcess.destroy(UnixProcess.java:127)
	at org.openqa.selenium.os.CommandLine.destroy(CommandLine.java:153)
	at org.openqa.selenium.remote.service.DriverService.stop(DriverService.java:220)
	at org.openqa.selenium.remote.service.DriverCommandExecutor.execute(DriverCommandExecutor.java:94)
	at org.openqa.selenium.remote.RemoteWebDriver.execute(RemoteWebDriver.java:646)
	at org.openqa.selenium.remote.RemoteWebDriver.execute(RemoteWebDriver.java:703)
	at org.openqa.selenium.remote.RemoteWebDriver.quit(RemoteWebDriver.java:542)
	at StepsDefinition.LoginSteps.close_the_browser(LoginSteps.java:67)
	at ✽.Then Close the browser(login.feature:13)
Caused by: java.lang.ClassNotFoundException: com.sun.jna.platform.win32.Kernel32
	at java.net.URLClassLoader.findClass(Unknown Source)
	at java.lang.ClassLoader.loadClass(Unknown Source)
	at sun.misc.Launcher$AppClassLoader.loadClass(Unknown Source)
	at java.lang.ClassLoader.loadClass(Unknown Source)
	at java.lang.ClassLoader.defineClass1(Native Method)
	at java.lang.ClassLoader.defineClass(Unknown Source)
	at java.security.SecureClassLoader.defineClass(Unknown Source)
	at java.net.URLClassLoader.defineClass(Unknown Source)
	at java.net.URLClassLoader.access$100(Unknown Source)
	at java.net.URLClassLoader$1.run(Unknown Source)
	at java.net.URLClassLoader$1.run(Unknown Source)
	at java.security.AccessController.doPrivileged(Native Method)
	at java.net.URLClassLoader.findClass(Unknown Source)
	at java.lang.ClassLoader.loadClass(Unknown Source)
	at sun.misc.Launcher$AppClassLoader.loadClass(Unknown Source)
	at java.lang.ClassLoader.loadClass(Unknown Source)
	at org.openqa.selenium.os.ProcessUtils.getProcessId(ProcessUtils.java:184)
	at org.openqa.selenium.os.ProcessUtils.killWinProcess(ProcessUtils.java:128)
	at org.openqa.selenium.os.ProcessUtils.killProcess(ProcessUtils.java:81)
	at org.openqa.selenium.os.UnixProcess$SeleniumWatchDog.destroyHarder(UnixProcess.java:265)
	at org.openqa.selenium.os.UnixProcess$SeleniumWatchDog.access$200(UnixProcess.java:219)
	at org.openqa.selenium.os.UnixProcess.destroy(UnixProcess.java:127)
	at org.openqa.selenium.os.CommandLine.destroy(CommandLine.java:153)
	at org.openqa.selenium.remote.service.DriverService.stop(DriverService.java:220)
	at org.openqa.selenium.remote.service.DriverCommandExecutor.execute(DriverCommandExecutor.java:94)
	at org.openqa.selenium.remote.RemoteWebDriver.execute(RemoteWebDriver.java:646)
	at org.openqa.selenium.remote.RemoteWebDriver.execute(RemoteWebDriver.java:703)
	at org.openqa.selenium.remote.RemoteWebDriver.quit(RemoteWebDriver.java:542)
	at StepsDefinition.LoginSteps.close_the_browser(LoginSteps.java:67)
	at sun.reflect.NativeMethodAccessorImpl.invoke0(Native Method)
	at sun.reflect.NativeMethodAccessorImpl.invoke(Unknown Source)
	at sun.reflect.DelegatingMethodAccessorImpl.invoke(Unknown Source)
	at java.lang.reflect.Method.invoke(Unknown Source)
	at cucumber.runtime.Utils$1.call(Utils.java:34)
	at cucumber.runtime.Timeout.timeout(Timeout.java:13)
	at cucumber.runtime.Utils.invoke(Utils.java:30)
	at cucumber.runtime.java.JavaStepDefinition.execute(JavaStepDefinition.java:35)
	at cucumber.runtime.StepDefinitionMatch.runStep(StepDefinitionMatch.java:37)
	at cucumber.runtime.Runtime.runStep(Runtime.java:298)
	at cucumber.runtime.model.StepContainer.runStep(StepContainer.java:44)
	at cucumber.runtime.model.StepContainer.runSteps(StepContainer.java:39)
	at cucumber.runtime.model.CucumberScenario.run(CucumberScenario.java:48)
	at cucumber.runtime.junit.ExecutionUnitRunner.run(ExecutionUnitRunner.java:91)
	at cucumber.runtime.junit.FeatureRunner.runChild(FeatureRunner.java:63)
	at cucumber.runtime.junit.FeatureRunner.runChild(FeatureRunner.java:18)
	at org.junit.runners.ParentRunner$3.run(ParentRunner.java:238)
	at org.junit.runners.ParentRunner$1.schedule(ParentRunner.java:63)
	at org.junit.runners.ParentRunner.runChildren(ParentRunner.java:236)
	at org.junit.runners.ParentRunner.access$000(ParentRunner.java:53)
	at org.junit.runners.ParentRunner$2.evaluate(ParentRunner.java:229)
	at org.junit.runners.ParentRunner.run(ParentRunner.java:309)
	at cucumber.runtime.junit.FeatureRunner.run(FeatureRunner.java:70)
	at cucumber.api.junit.Cucumber.runChild(Cucumber.java:89)
	at cucumber.api.junit.Cucumber.runChild(Cucumber.java:40)
	at org.junit.runners.ParentRunner$3.run(ParentRunner.java:238)
	at org.junit.runners.ParentRunner$1.schedule(ParentRunner.java:63)
	at org.junit.runners.ParentRunner.runChildren(ParentRunner.java:236)
	at org.junit.runners.ParentRunner.access$000(ParentRunner.java:53)
	at org.junit.runners.ParentRunner$2.evaluate(ParentRunner.java:229)
	at org.junit.runners.ParentRunner.run(ParentRunner.java:309)
	at cucumber.api.junit.Cucumber.run(Cucumber.java:94)
	at org.eclipse.jdt.internal.junit4.runner.JUnit4TestReference.run(JUnit4TestReference.java:86)
	at org.eclipse.jdt.internal.junit.runner.TestExecution.run(TestExecution.java:38)
	at org.eclipse.jdt.internal.junit.runner.RemoteTestRunner.runTests(RemoteTestRunner.java:459)
	at org.eclipse.jdt.internal.junit.runner.RemoteTestRunner.runTests(RemoteTestRunner.java:678)
	at org.eclipse.jdt.internal.junit.runner.RemoteTestRunner.run(RemoteTestRunner.java:382)
	at org.eclipse.jdt.internal.junit.runner.RemoteTestRunner.main(RemoteTestRunner.java:192)
]]></failure>
</testcase>
<testcase classname="Admin LTE login feature" name="Validate login with valid Username and Valid Password" time="11.869348">
<failure message="junit.framework.ComparisonFailure: expected:&lt;...//localhost/website/[pages/examples/dashboard.html]&gt; but was:&lt;...//localhost/website/[]&gt;&#13;&#10;&#9;at junit.framework.Assert.assertEquals(Assert.java:100)&#13;&#10;&#9;at junit.framework.Assert.assertEquals(Assert.java:107)&#13;&#10;&#9;at StepsDefinition.LoginSteps.user_is_on_Dashboard_page(LoginSteps.java:61)&#13;&#10;&#9;at ✽.And User is on Dashboard page(login.feature:24)&#13;&#10;"><![CDATA[Given User aready on login page.............................................passed
When Title of login page is AdminLTE 2 | Log in.............................passed
Then User enter username and password.......................................passed
And User clicks on login button.............................................passed
And User is on Dashboard page...............................................failed
Then Close the browser......................................................skipped

StackTrace:
junit.framework.ComparisonFailure: expected:<...//localhost/website/[pages/examples/dashboard.html]> but was:<...//localhost/website/[]>
	at junit.framework.Assert.assertEquals(Assert.java:100)
	at junit.framework.Assert.assertEquals(Assert.java:107)
	at StepsDefinition.LoginSteps.user_is_on_Dashboard_page(LoginSteps.java:61)
	at ✽.And User is on Dashboard page(login.feature:24)
]]></failure>
</testcase>
</testsuite>
